{"/home/laboratoria/Desktop/SAP003-md-links/src/index.js": {"path":"/home/laboratoria/Desktop/SAP003-md-links/src/index.js","statementMap":{"0":{"start":{"line":2,"column":11},"end":{"line":2,"column":24}},"1":{"start":{"line":6,"column":2},"end":{"line":26,"column":5}},"2":{"start":{"line":7,"column":4},"end":{"line":25,"column":7}},"3":{"start":{"line":8,"column":6},"end":{"line":24,"column":7}},"4":{"start":{"line":9,"column":8},"end":{"line":9,"column":25}},"5":{"start":{"line":11,"column":22},"end":{"line":11,"column":64}},"6":{"start":{"line":12,"column":20},"end":{"line":12,"column":35}},"7":{"start":{"line":13,"column":22},"end":{"line":13,"column":24}},"8":{"start":{"line":16,"column":8},"end":{"line":22,"column":9}},"9":{"start":{"line":17,"column":10},"end":{"line":19,"column":11}},"10":{"start":{"line":18,"column":12},"end":{"line":18,"column":30}},"11":{"start":{"line":20,"column":10},"end":{"line":20,"column":49}},"12":{"start":{"line":23,"column":8},"end":{"line":23,"column":23}},"13":{"start":{"line":29,"column":0},"end":{"line":29,"column":25}}},"fnMap":{"0":{"name":"mdLinks","decl":{"start":{"line":4,"column":9},"end":{"line":4,"column":16}},"loc":{"start":{"line":4,"column":23},"end":{"line":27,"column":1}},"line":4},"1":{"name":"(anonymous_1)","decl":{"start":{"line":6,"column":21},"end":{"line":6,"column":22}},"loc":{"start":{"line":6,"column":42},"end":{"line":26,"column":3}},"line":6},"2":{"name":"(anonymous_2)","decl":{"start":{"line":7,"column":22},"end":{"line":7,"column":23}},"loc":{"start":{"line":7,"column":37},"end":{"line":25,"column":5}},"line":7}},"branchMap":{"0":{"loc":{"start":{"line":8,"column":6},"end":{"line":24,"column":7}},"type":"if","locations":[{"start":{"line":8,"column":6},"end":{"line":24,"column":7}},{"start":{"line":8,"column":6},"end":{"line":24,"column":7}}],"line":8},"1":{"loc":{"start":{"line":17,"column":10},"end":{"line":19,"column":11}},"type":"if","locations":[{"start":{"line":17,"column":10},"end":{"line":19,"column":11}},{"start":{"line":17,"column":10},"end":{"line":19,"column":11}}],"line":17}},"s":{"0":1,"1":2,"2":2,"3":2,"4":1,"5":1,"6":1,"7":1,"8":1,"9":3,"10":0,"11":3,"12":1,"13":1},"f":{"0":2,"1":2,"2":2},"b":{"0":[1,1],"1":[0,3]},"_coverageSchema":"43e27e138ebf9cfc5966b082cf9a028302ed4184","hash":"3c2176bce26883e1441feacecb0e83a00790dca8"}
}
